DEBUG 2024-04-23 00:43:53.596 UTC: 	 CRAB Client version: v3.240110
DEBUG 2024-04-23 00:43:53.596 UTC: 	 Running on: Linux lxplus803.cern.ch 4.18.0-513.24.1.el8_9.x86_64 #1 SMP Thu Mar 14 14:20:09 EDT 2024 x86_64 x86_64 x86_64 GNU/Linux - Red Hat Enterprise Linux 8.9 (Ootpa)
DEBUG 2024-04-23 00:43:53.596 UTC: 	 Executing command: 'submit'
DEBUG 2024-04-23 00:43:53.596 UTC: 	 Found CRAB cache file /afs/cern.ch/user/r/rpradhan/.crab3
INFO 2024-04-23 00:43:53.597 UTC: 	 Will use CRAB configuration file crab_config_MCRecoDebug.py
DEBUG 2024-04-23 00:43:53.597 UTC: 	 Loading CRAB configuration file.
DEBUG 2024-04-23 00:43:53.600 UTC: 	 Will use CRAB plugin ANALYSIS (i.e. will run an analysis job type).
ERROR 2024-04-23 00:43:53.600 UTC: 	 Working area '/afs/cern.ch/work/r/rpradhan/Tracking_Studies/newCode_AfterRun3/ForEffTest/CMSSW_13_2_5_patch1/src/Analyzers/RaghuEffTest/crab/TrackingStudies_Run3/crab_GeneralTracks_MAOD_effCorrectionTest_V1' already exists 
Please change the requestName in the config file
ERROR 2024-04-23 00:43:53.600 UTC: 	 Caught ClientException exception
Traceback (most recent call last):
  File "/cvmfs/cms.cern.ch/share/cms/crab-prod/v3.240110.01/bin/crab.py", line 152, in <module>
    client()
  File "/cvmfs/cms.cern.ch/share/cms/crab-prod/v3.240110.01/bin/crab.py", line 135, in __call__
    self.cmd = sub_cmd(self.logger, args[1:])
  File "/cvmfs/cms.cern.ch/share/cms/crab-prod/v3.240110.01/lib/CRABClient/Commands/submit.py", line 36, in __init__
    SubCommand.__init__(self, logger, cmdargs, disable_interspersed_args=True)
  File "/cvmfs/cms.cern.ch/share/cms/crab-prod/v3.240110.01/lib/CRABClient/Commands/SubCommand.py", line 327, in __init__
    self.requestarea, self.requestname, self.logfile = createWorkArea(
  File "/cvmfs/cms.cern.ch/share/cms/crab-prod/v3.240110.01/lib/CRABClient/ClientUtilities.py", line 392, in createWorkArea
    raise ConfigException("Working area '%s' already exists \nPlease change the requestName in the config file" % fullpath)
CRABClient.ClientExceptions.ConfigException: Working area '/afs/cern.ch/work/r/rpradhan/Tracking_Studies/newCode_AfterRun3/ForEffTest/CMSSW_13_2_5_patch1/src/Analyzers/RaghuEffTest/crab/TrackingStudies_Run3/crab_GeneralTracks_MAOD_effCorrectionTest_V1' already exists 
Please change the requestName in the config file
INFO 2024-04-23 00:43:53.603 UTC: 	 Log file is /afs/cern.ch/work/r/rpradhan/Tracking_Studies/newCode_AfterRun3/ForEffTest/CMSSW_13_2_5_patch1/src/Analyzers/RaghuEffTest/crab/crab.log
DEBUG 2024-10-19 22:05:25.483 UTC: 	 CRAB Client version: v3.240621
DEBUG 2024-10-19 22:05:25.483 UTC: 	 Running on: Linux lxplus819.cern.ch 4.18.0-553.16.1.el8_10.x86_64 #1 SMP Thu Aug 1 04:16:12 EDT 2024 x86_64 x86_64 x86_64 GNU/Linux - Red Hat Enterprise Linux 8.10 (Ootpa)
DEBUG 2024-10-19 22:05:25.483 UTC: 	 Executing command: 'submit'
DEBUG 2024-10-19 22:05:25.499 UTC: 	 Found CRAB cache file /afs/cern.ch/user/r/rpradhan/.crab3
INFO 2024-10-19 22:05:25.722 UTC: 	 Will use CRAB configuration file crab_config_MCRecoDebug.py
DEBUG 2024-10-19 22:05:25.722 UTC: 	 Loading CRAB configuration file.
ERROR 2024-10-19 22:05:25.729 UTC: 	 Invalid CRAB configuration: Parameter General.requestName should not be longer than 100 characters.
The documentation about the CRAB configuration file can be found in https://twiki.cern.ch/twiki/bin/view/CMSPublic/CRAB3ConfigurationFile
ERROR 2024-10-19 22:05:25.729 UTC: 	 Caught ClientException exception
Traceback (most recent call last):
  File "/cvmfs/cms.cern.ch/share/cms/crab-prod/v3.240621.01/bin/crab.py", line 152, in <module>
    client()
  File "/cvmfs/cms.cern.ch/share/cms/crab-prod/v3.240621.01/bin/crab.py", line 135, in __call__
    self.cmd = sub_cmd(self.logger, args[1:])
  File "/cvmfs/cms.cern.ch/share/cms/crab-prod/v3.240621.01/lib/CRABClient/Commands/submit.py", line 36, in __init__
    SubCommand.__init__(self, logger, cmdargs, disable_interspersed_args=True)
  File "/cvmfs/cms.cern.ch/share/cms/crab-prod/v3.240621.01/lib/CRABClient/Commands/SubCommand.py", line 325, in __init__
    self.loadConfig(self.options.config, self.args)
  File "/cvmfs/cms.cern.ch/share/cms/crab-prod/v3.240621.01/lib/CRABClient/Commands/SubCommand.py", line 96, in loadConfig
    raise ConfigurationException(configmsg)
CRABClient.ClientExceptions.ConfigurationException: Invalid CRAB configuration: Parameter General.requestName should not be longer than 100 characters.
The documentation about the CRAB configuration file can be found in https://twiki.cern.ch/twiki/bin/view/CMSPublic/CRAB3ConfigurationFile
INFO 2024-10-19 22:05:25.732 UTC: 	 Log file is /afs/cern.ch/work/r/rpradhan/Tracking_Studies/newCode_AfterRun3/ForEffTest/CMSSW_13_2_10/src/Analyzers/RaghuEffTest/crab/crab.log
DEBUG 2024-10-19 22:06:17.326 UTC: 	 CRAB Client version: v3.240621
DEBUG 2024-10-19 22:06:17.327 UTC: 	 Running on: Linux lxplus819.cern.ch 4.18.0-553.16.1.el8_10.x86_64 #1 SMP Thu Aug 1 04:16:12 EDT 2024 x86_64 x86_64 x86_64 GNU/Linux - Red Hat Enterprise Linux 8.10 (Ootpa)
DEBUG 2024-10-19 22:06:17.327 UTC: 	 Executing command: 'submit'
DEBUG 2024-10-19 22:06:17.327 UTC: 	 Found CRAB cache file /afs/cern.ch/user/r/rpradhan/.crab3
INFO 2024-10-19 22:06:17.328 UTC: 	 Will use CRAB configuration file crab_config_MCRecoDebug.py
DEBUG 2024-10-19 22:06:17.328 UTC: 	 Loading CRAB configuration file.
DEBUG 2024-10-19 22:06:17.333 UTC: 	 Will use CRAB plugin ANALYSIS (i.e. will run an analysis job type).
ERROR 2024-10-19 22:06:17.333 UTC: 	 Invalid CRAB configuration: A local DBS instance 'phys03' was specified for reading an input dataset of tier None.
Datasets of tier different than USER must be read from the global DBS instance; this is, set Data.inputDBS = 'global'.
If Data.inputDBS would not be specified, the default 'global' ('https://cmsweb.cern.ch/dbs/prod/global/DBSReader') would be used.
The documentation about the CRAB configuration file can be found in https://twiki.cern.ch/twiki/bin/view/CMSPublic/CRAB3ConfigurationFile
ERROR 2024-10-19 22:06:17.333 UTC: 	 Caught ClientException exception
Traceback (most recent call last):
  File "/cvmfs/cms.cern.ch/share/cms/crab-prod/v3.240621.01/bin/crab.py", line 152, in <module>
    client()
  File "/cvmfs/cms.cern.ch/share/cms/crab-prod/v3.240621.01/bin/crab.py", line 135, in __call__
    self.cmd = sub_cmd(self.logger, args[1:])
  File "/cvmfs/cms.cern.ch/share/cms/crab-prod/v3.240621.01/lib/CRABClient/Commands/submit.py", line 36, in __init__
    SubCommand.__init__(self, logger, cmdargs, disable_interspersed_args=True)
  File "/cvmfs/cms.cern.ch/share/cms/crab-prod/v3.240621.01/lib/CRABClient/Commands/SubCommand.py", line 325, in __init__
    self.loadConfig(self.options.config, self.args)
  File "/cvmfs/cms.cern.ch/share/cms/crab-prod/v3.240621.01/lib/CRABClient/Commands/SubCommand.py", line 96, in loadConfig
    raise ConfigurationException(configmsg)
CRABClient.ClientExceptions.ConfigurationException: Invalid CRAB configuration: A local DBS instance 'phys03' was specified for reading an input dataset of tier None.
Datasets of tier different than USER must be read from the global DBS instance; this is, set Data.inputDBS = 'global'.
If Data.inputDBS would not be specified, the default 'global' ('https://cmsweb.cern.ch/dbs/prod/global/DBSReader') would be used.
The documentation about the CRAB configuration file can be found in https://twiki.cern.ch/twiki/bin/view/CMSPublic/CRAB3ConfigurationFile
INFO 2024-10-19 22:06:17.335 UTC: 	 Log file is /afs/cern.ch/work/r/rpradhan/Tracking_Studies/newCode_AfterRun3/ForEffTest/CMSSW_13_2_10/src/Analyzers/RaghuEffTest/crab/crab.log
DEBUG 2025-09-23 12:45:02.016 UTC: 	 CRAB Client version: v3.250820
DEBUG 2025-09-23 12:45:02.017 UTC: 	 Running on: Linux lxplus987.cern.ch 5.14.0-570.42.2.el9_6.x86_64 #1 SMP PREEMPT_DYNAMIC Mon Sep 8 12:15:13 EDT 2025 x86_64 x86_64 x86_64 GNU/Linux
DEBUG 2025-09-23 12:45:02.017 UTC: 	 Not using Singularity
DEBUG 2025-09-23 12:45:02.017 UTC: 	 Operating System: Red Hat Enterprise Linux 9.6 (Plow)
DEBUG 2025-09-23 12:45:02.017 UTC: 	 Executing command: 'submit'
DEBUG 2025-09-23 12:45:02.017 UTC: 	 Found CRAB cache file /afs/cern.ch/user/s/subehera/.crab3
INFO 2025-09-23 12:45:02.017 UTC: 	 Will use CRAB configuration file crab_config_MCRecoDebug.py
DEBUG 2025-09-23 12:45:02.017 UTC: 	 Loading CRAB configuration file.
DEBUG 2025-09-23 12:45:02.018 UTC: 	 Will use CRAB plugin ANALYSIS (i.e. will run an analysis job type).
ERROR 2025-09-23 12:45:02.019 UTC: 	 Working area '/afs/cern.ch/work/s/subehera/SayanDptDpt/nechstudy/CMSSW_13_2_5_patch1/src/Analyzers/ChFluctuations/crab/Test_Run3_NCF_MC/crab_Test_Run3_NCF_MC' already exists 
Please change the requestName in the config file
ERROR 2025-09-23 12:45:02.019 UTC: 	 Caught ClientException exception
Traceback (most recent call last):
  File "/cvmfs/cms.cern.ch/share/cms/crab-prod/v3.250820.00/bin/crab.py", line 157, in <module>
    client()
  File "/cvmfs/cms.cern.ch/share/cms/crab-prod/v3.250820.00/bin/crab.py", line 135, in __call__
    self.cmd = sub_cmd(self.logger, args[1:])  # the crab command to be executed
  File "/cvmfs/cms.cern.ch/share/cms/crab-prod/v3.250820.00/lib/CRABClient/Commands/submit.py", line 35, in __init__
    SubCommand.__init__(self, logger, cmdargs, disable_interspersed_args=True)
  File "/cvmfs/cms.cern.ch/share/cms/crab-prod/v3.250820.00/lib/CRABClient/Commands/SubCommand.py", line 328, in __init__
    self.requestarea, self.requestname, self.logfile = createWorkArea(
  File "/cvmfs/cms.cern.ch/share/cms/crab-prod/v3.250820.00/lib/CRABClient/ClientUtilities.py", line 392, in createWorkArea
    raise ConfigException("Working area '%s' already exists \nPlease change the requestName in the config file" % fullpath)
CRABClient.ClientExceptions.ConfigException: Working area '/afs/cern.ch/work/s/subehera/SayanDptDpt/nechstudy/CMSSW_13_2_5_patch1/src/Analyzers/ChFluctuations/crab/Test_Run3_NCF_MC/crab_Test_Run3_NCF_MC' already exists 
Please change the requestName in the config file
INFO 2025-09-23 12:45:02.036 UTC: 	 Log file is /afs/cern.ch/work/s/subehera/SayanDptDpt/nechstudy/CMSSW_13_2_5_patch1/src/Analyzers/ChFluctuations/crab/crab.log
DEBUG 2025-10-01 12:10:09.722 UTC: 	 CRAB Client version: v3.250820
DEBUG 2025-10-01 12:10:09.723 UTC: 	 Running on: Linux lxplus947.cern.ch 5.14.0-570.44.1.el9_6.x86_64 #1 SMP PREEMPT_DYNAMIC Tue Sep 9 05:17:30 EDT 2025 x86_64 x86_64 x86_64 GNU/Linux
DEBUG 2025-10-01 12:10:09.723 UTC: 	 Not using Singularity
DEBUG 2025-10-01 12:10:09.723 UTC: 	 Operating System: Red Hat Enterprise Linux 9.6 (Plow)
DEBUG 2025-10-01 12:10:09.723 UTC: 	 Executing command: 'checkwrite'
DEBUG 2025-10-01 12:10:09.724 UTC: 	 Found CRAB cache file /afs/cern.ch/user/a/anarzary/.crab3
DEBUG 2025-10-01 12:10:09.725 UTC: 	 Checking credentials
DEBUG 2025-10-01 12:10:09.725 UTC: 	 Found proxy file /tmp/x509up_u188858
DEBUG 2025-10-01 12:10:09.725 UTC: 	 Making sure it has proper VOMS extension
DEBUG 2025-10-01 12:10:09.725 UTC: 	 Executing command :
 voms-proxy-info --vo --file /tmp/x509up_u188858
DEBUG 2025-10-01 12:10:09.759 UTC: 	 output : cms

 error: 
 retcode : 0
DEBUG 2025-10-01 12:10:09.760 UTC: 	 Getting proxy life time left
DEBUG 2025-10-01 12:10:09.760 UTC: 	 Executing command :
 voms-proxy-info --actimeleft --timeleft --file /tmp/x509up_u188858
DEBUG 2025-10-01 12:10:09.787 UTC: 	 output : 40300
40300

 error: 
 retcode : 0
DEBUG 2025-10-01 12:10:09.787 UTC: 	 Proxy valid for 11:11:40 hours
DEBUG 2025-10-01 12:10:09.787 UTC: 	 Retrieving username ...
DEBUG 2025-10-01 12:10:09.787 UTC: 	 Retrieving username from CRIC...
DEBUG 2025-10-01 12:10:12.514 UTC: 	 username is anarzary
INFO 2025-10-01 12:10:13.405 UTC: 	 Rucio client intialized for account anarzary
ERROR 2025-10-01 12:10:13.405 UTC: 	 Error: Please specify the site where to check the write permissions. Use the --site option.
ERROR 2025-10-01 12:10:13.405 UTC: 	 Caught ClientException exception
Traceback (most recent call last):
  File "/cvmfs/cms.cern.ch/share/cms/crab-prod/v3.250820.00/bin/crab.py", line 157, in <module>
    client()
  File "/cvmfs/cms.cern.ch/share/cms/crab-prod/v3.250820.00/bin/crab.py", line 135, in __call__
    self.cmd = sub_cmd(self.logger, args[1:])  # the crab command to be executed
  File "/cvmfs/cms.cern.ch/share/cms/crab-prod/v3.250820.00/lib/CRABClient/Commands/checkwrite.py", line 22, in __init__
    SubCommand.__init__(self, logger, cmdargs)
  File "/cvmfs/cms.cern.ch/share/cms/crab-prod/v3.250820.00/lib/CRABClient/Commands/SubCommand.py", line 403, in __init__
    self.validateOptions()
  File "/cvmfs/cms.cern.ch/share/cms/crab-prod/v3.250820.00/lib/CRABClient/Commands/checkwrite.py", line 356, in validateOptions
    raise ex
CRABClient.ClientExceptions.MissingOptionException: [91mError[0m: Please specify the site where to check the write permissions. Use the --site option.
INFO 2025-10-01 12:10:13.421 UTC: 	 Log file is /afs/cern.ch/user/a/anarzary/CMSSW_13_2_5_patch1/src/Analyzers/ChFluctuations/crab/crab.log
DEBUG 2025-10-01 12:10:48.963 UTC: 	 CRAB Client version: v3.250820
DEBUG 2025-10-01 12:10:48.963 UTC: 	 Running on: Linux lxplus947.cern.ch 5.14.0-570.44.1.el9_6.x86_64 #1 SMP PREEMPT_DYNAMIC Tue Sep 9 05:17:30 EDT 2025 x86_64 x86_64 x86_64 GNU/Linux
DEBUG 2025-10-01 12:10:48.964 UTC: 	 Not using Singularity
DEBUG 2025-10-01 12:10:48.964 UTC: 	 Operating System: Red Hat Enterprise Linux 9.6 (Plow)
DEBUG 2025-10-01 12:10:48.964 UTC: 	 Executing command: 'checkwrite'
DEBUG 2025-10-01 12:10:48.965 UTC: 	 Found CRAB cache file /afs/cern.ch/user/a/anarzary/.crab3
DEBUG 2025-10-01 12:10:48.966 UTC: 	 Checking credentials
DEBUG 2025-10-01 12:10:48.966 UTC: 	 Found proxy file /tmp/x509up_u188858
DEBUG 2025-10-01 12:10:48.966 UTC: 	 Making sure it has proper VOMS extension
DEBUG 2025-10-01 12:10:48.966 UTC: 	 Executing command :
 voms-proxy-info --vo --file /tmp/x509up_u188858
DEBUG 2025-10-01 12:10:49.004 UTC: 	 output : cms

 error: 
 retcode : 0
DEBUG 2025-10-01 12:10:49.005 UTC: 	 Getting proxy life time left
DEBUG 2025-10-01 12:10:49.005 UTC: 	 Executing command :
 voms-proxy-info --actimeleft --timeleft --file /tmp/x509up_u188858
DEBUG 2025-10-01 12:10:49.039 UTC: 	 output : 40260
40260

 error: 
 retcode : 0
DEBUG 2025-10-01 12:10:49.040 UTC: 	 Proxy valid for 11:11:00 hours
DEBUG 2025-10-01 12:10:49.040 UTC: 	 Retrieving username ...
DEBUG 2025-10-01 12:10:49.040 UTC: 	 Retrieving username from CRIC...
DEBUG 2025-10-01 12:10:49.802 UTC: 	 username is anarzary
INFO 2025-10-01 12:10:50.929 UTC: 	 Rucio client intialized for account anarzary
DEBUG 2025-10-01 12:10:50.929 UTC: 	 Command use: checkwrite
DEBUG 2025-10-01 12:10:50.929 UTC: 	 Options use: ['--lfn', '/store/user/anarzary/pbpb/', '--site', 'T3_CH_CERNBOX']
DEBUG 2025-10-01 12:10:50.929 UTC: 	 Instance is None
DEBUG 2025-10-01 12:10:50.929 UTC: 	 Server base url is None
DEBUG 2025-10-01 12:10:50.929 UTC: 	 Retrieving username ...
DEBUG 2025-10-01 12:10:50.929 UTC: 	 Retrieving username from CRIC...
DEBUG 2025-10-01 12:10:51.699 UTC: 	 username is anarzary
INFO 2025-10-01 12:10:51.699 UTC: 	 Validating LFN /store/user/anarzary/pbpb/...
INFO 2025-10-01 12:10:51.699 UTC: 	 LFN /store/user/anarzary/pbpb/ is valid.
INFO 2025-10-01 12:10:51.724 UTC: 	 Will use `gfal-copy`, `gfal-rm` commands for checking write permissions
INFO 2025-10-01 12:10:51.725 UTC: 	 Will check write permission in /store/user/anarzary/pbpb/ on site T3_CH_CERNBOX
INFO 2025-10-01 12:10:52.109 UTC: 	 Will use PFN: davs://eoshome-a.cern.ch:8444/eos/user/a/anarzary/pbpb//crab3checkwrite_20251001_141051_9178d06d-fd1a-4c5d-9db4-6eb9aa796273/9178d06d-fd1a-4c5d-9db4-6eb9aa796273.tmp
INFO 2025-10-01 12:10:52.109 UTC: 	 
Attempting to create (dummy) directory crab3checkwrite_20251001_141051_9178d06d-fd1a-4c5d-9db4-6eb9aa796273 and copy (dummy) file 9178d06d-fd1a-4c5d-9db4-6eb9aa796273.tmp to /store/user/anarzary/pbpb/

INFO 2025-10-01 12:10:52.116 UTC: 	 Executing command: which scram >/dev/null 2>&1 && eval `scram unsetenv -sh`; gfal-copy -p -v -t 180 file:///afs/cern.ch/user/a/anarzary/CMSSW_13_2_5_patch1/src/Analyzers/ChFluctuations/crab/9178d06d-fd1a-4c5d-9db4-6eb9aa796273.tmp 'davs://eoshome-a.cern.ch:8444/eos/user/a/anarzary/pbpb//crab3checkwrite_20251001_141051_9178d06d-fd1a-4c5d-9db4-6eb9aa796273/9178d06d-fd1a-4c5d-9db4-6eb9aa796273.tmp'
INFO 2025-10-01 12:10:52.116 UTC: 	 Please wait...
INFO 2025-10-01 12:10:53.306 UTC: 	 
Successfully created directory crab3checkwrite_20251001_141051_9178d06d-fd1a-4c5d-9db4-6eb9aa796273 and copied file 9178d06d-fd1a-4c5d-9db4-6eb9aa796273.tmp to /store/user/anarzary/pbpb/
INFO 2025-10-01 12:10:53.306 UTC: 	 
Attempting to delete file davs://eoshome-a.cern.ch:8444/eos/user/a/anarzary/pbpb//crab3checkwrite_20251001_141051_9178d06d-fd1a-4c5d-9db4-6eb9aa796273/9178d06d-fd1a-4c5d-9db4-6eb9aa796273.tmp

INFO 2025-10-01 12:10:53.306 UTC: 	 Executing command: which scram >/dev/null 2>&1 && eval `scram unsetenv -sh`; gfal-rm -v -t 180 'davs://eoshome-a.cern.ch:8444/eos/user/a/anarzary/pbpb//crab3checkwrite_20251001_141051_9178d06d-fd1a-4c5d-9db4-6eb9aa796273/9178d06d-fd1a-4c5d-9db4-6eb9aa796273.tmp'
INFO 2025-10-01 12:10:53.307 UTC: 	 Please wait...
INFO 2025-10-01 12:10:54.472 UTC: 	 
Successfully deleted file davs://eoshome-a.cern.ch:8444/eos/user/a/anarzary/pbpb//crab3checkwrite_20251001_141051_9178d06d-fd1a-4c5d-9db4-6eb9aa796273/9178d06d-fd1a-4c5d-9db4-6eb9aa796273.tmp
INFO 2025-10-01 12:10:54.472 UTC: 	 
Attempting to delete directory davs://eoshome-a.cern.ch:8444/eos/user/a/anarzary/pbpb//crab3checkwrite_20251001_141051_9178d06d-fd1a-4c5d-9db4-6eb9aa796273/

INFO 2025-10-01 12:10:54.472 UTC: 	 Executing command: which scram >/dev/null 2>&1 && eval `scram unsetenv -sh`; gfal-rm -r -v -t 180 'davs://eoshome-a.cern.ch:8444/eos/user/a/anarzary/pbpb//crab3checkwrite_20251001_141051_9178d06d-fd1a-4c5d-9db4-6eb9aa796273/'
INFO 2025-10-01 12:10:54.472 UTC: 	 Please wait...
INFO 2025-10-01 12:10:55.545 UTC: 	 
Successfully deleted directory davs://eoshome-a.cern.ch:8444/eos/user/a/anarzary/pbpb//crab3checkwrite_20251001_141051_9178d06d-fd1a-4c5d-9db4-6eb9aa796273/
INFO 2025-10-01 12:10:55.609 UTC: 	 
Checkwrite Result:
INFO 2025-10-01 12:10:55.609 UTC: 	 Success: Able to write in /store/user/anarzary/pbpb/ on site T3_CH_CERNBOX
DEBUG 2025-10-19 06:52:17.740 UTC: 	 CRAB Client version: v3.250820
DEBUG 2025-10-19 06:52:17.740 UTC: 	 Running on: Linux lxplus985.cern.ch 5.14.0-570.44.1.el9_6.x86_64 #1 SMP PREEMPT_DYNAMIC Tue Sep 9 05:17:30 EDT 2025 x86_64 x86_64 x86_64 GNU/Linux
DEBUG 2025-10-19 06:52:17.740 UTC: 	 Not using Singularity
DEBUG 2025-10-19 06:52:17.740 UTC: 	 Operating System: Red Hat Enterprise Linux 9.6 (Plow)
DEBUG 2025-10-19 06:52:17.740 UTC: 	 Executing command: 'submit'
DEBUG 2025-10-19 06:52:17.740 UTC: 	 Found CRAB cache file /afs/cern.ch/user/a/anarzary/.crab3
INFO 2025-10-19 06:52:17.756 UTC: 	 Will use CRAB configuration file crab_config_MCRecoDebug.py
DEBUG 2025-10-19 06:52:17.756 UTC: 	 Loading CRAB configuration file.
DEBUG 2025-10-19 06:52:17.785 UTC: 	 Will use CRAB plugin ANALYSIS (i.e. will run an analysis job type).
ERROR 2025-10-19 06:52:17.801 UTC: 	 Working area '/afs/cern.ch/user/a/anarzary/CMSSW_13_2_5_patch1/src/Analyzers/ChFluctuations/crab/Test_Run3_NCF_MC/crab_Test_Run3_NCF_MC' already exists 
Please change the requestName in the config file
ERROR 2025-10-19 06:52:17.801 UTC: 	 Caught ClientException exception
Traceback (most recent call last):
  File "/cvmfs/cms.cern.ch/share/cms/crab-prod/v3.250820.00/bin/crab.py", line 157, in <module>
    client()
  File "/cvmfs/cms.cern.ch/share/cms/crab-prod/v3.250820.00/bin/crab.py", line 135, in __call__
    self.cmd = sub_cmd(self.logger, args[1:])  # the crab command to be executed
  File "/cvmfs/cms.cern.ch/share/cms/crab-prod/v3.250820.00/lib/CRABClient/Commands/submit.py", line 35, in __init__
    SubCommand.__init__(self, logger, cmdargs, disable_interspersed_args=True)
  File "/cvmfs/cms.cern.ch/share/cms/crab-prod/v3.250820.00/lib/CRABClient/Commands/SubCommand.py", line 328, in __init__
    self.requestarea, self.requestname, self.logfile = createWorkArea(
  File "/cvmfs/cms.cern.ch/share/cms/crab-prod/v3.250820.00/lib/CRABClient/ClientUtilities.py", line 392, in createWorkArea
    raise ConfigException("Working area '%s' already exists \nPlease change the requestName in the config file" % fullpath)
CRABClient.ClientExceptions.ConfigException: Working area '/afs/cern.ch/user/a/anarzary/CMSSW_13_2_5_patch1/src/Analyzers/ChFluctuations/crab/Test_Run3_NCF_MC/crab_Test_Run3_NCF_MC' already exists 
Please change the requestName in the config file
INFO 2025-10-19 06:52:17.819 UTC: 	 Log file is /afs/cern.ch/user/a/anarzary/CMSSW_13_2_5_patch1/src/Analyzers/ChFluctuations/crab/crab.log
DEBUG 2025-10-19 16:56:02.828 UTC: 	 CRAB Client version: v3.250820
DEBUG 2025-10-19 16:56:02.829 UTC: 	 Running on: Linux lxplus950.cern.ch 5.14.0-570.49.1.el9_6.x86_64 #1 SMP PREEMPT_DYNAMIC Tue Sep 23 01:11:18 EDT 2025 x86_64 x86_64 x86_64 GNU/Linux
DEBUG 2025-10-19 16:56:02.829 UTC: 	 Not using Singularity
DEBUG 2025-10-19 16:56:02.829 UTC: 	 Operating System: Red Hat Enterprise Linux 9.6 (Plow)
DEBUG 2025-10-19 16:56:02.829 UTC: 	 Executing command: 'submit'
DEBUG 2025-10-19 16:56:02.829 UTC: 	 Found CRAB cache file /afs/cern.ch/user/a/anarzary/.crab3
INFO 2025-10-19 16:56:02.830 UTC: 	 Will use CRAB configuration file crab_config_MCRecoDebug.py
DEBUG 2025-10-19 16:56:02.830 UTC: 	 Loading CRAB configuration file.
DEBUG 2025-10-19 16:56:02.883 UTC: 	 Will use CRAB plugin ANALYSIS (i.e. will run an analysis job type).
ERROR 2025-10-19 16:56:02.891 UTC: 	 Working area '/afs/cern.ch/user/a/anarzary/CMSSW_13_2_5_patch1/src/Analyzers/ChFluctuations/crab/Test_Run3_NCF_MC/crab_Test_Run3_NCF_MC' already exists 
Please change the requestName in the config file
ERROR 2025-10-19 16:56:02.891 UTC: 	 Caught ClientException exception
Traceback (most recent call last):
  File "/cvmfs/cms.cern.ch/share/cms/crab-prod/v3.250820.00/bin/crab.py", line 157, in <module>
    client()
  File "/cvmfs/cms.cern.ch/share/cms/crab-prod/v3.250820.00/bin/crab.py", line 135, in __call__
    self.cmd = sub_cmd(self.logger, args[1:])  # the crab command to be executed
  File "/cvmfs/cms.cern.ch/share/cms/crab-prod/v3.250820.00/lib/CRABClient/Commands/submit.py", line 35, in __init__
    SubCommand.__init__(self, logger, cmdargs, disable_interspersed_args=True)
  File "/cvmfs/cms.cern.ch/share/cms/crab-prod/v3.250820.00/lib/CRABClient/Commands/SubCommand.py", line 328, in __init__
    self.requestarea, self.requestname, self.logfile = createWorkArea(
  File "/cvmfs/cms.cern.ch/share/cms/crab-prod/v3.250820.00/lib/CRABClient/ClientUtilities.py", line 392, in createWorkArea
    raise ConfigException("Working area '%s' already exists \nPlease change the requestName in the config file" % fullpath)
CRABClient.ClientExceptions.ConfigException: Working area '/afs/cern.ch/user/a/anarzary/CMSSW_13_2_5_patch1/src/Analyzers/ChFluctuations/crab/Test_Run3_NCF_MC/crab_Test_Run3_NCF_MC' already exists 
Please change the requestName in the config file
INFO 2025-10-19 16:56:02.904 UTC: 	 Log file is /afs/cern.ch/user/a/anarzary/CMSSW_13_2_5_patch1/src/Analyzers/ChFluctuations/crab/crab.log
DEBUG 2025-10-25 06:17:09.521 UTC: 	 CRAB Client version: v3.250820
DEBUG 2025-10-25 06:17:09.522 UTC: 	 Running on: Linux lxplus926.cern.ch 5.14.0-570.44.1.el9_6.x86_64 #1 SMP PREEMPT_DYNAMIC Tue Sep 9 05:17:30 EDT 2025 x86_64 x86_64 x86_64 GNU/Linux
DEBUG 2025-10-25 06:17:09.522 UTC: 	 Not using Singularity
DEBUG 2025-10-25 06:17:09.522 UTC: 	 Operating System: Red Hat Enterprise Linux 9.6 (Plow)
DEBUG 2025-10-25 06:17:09.522 UTC: 	 Executing command: 'submit'
DEBUG 2025-10-25 06:17:09.523 UTC: 	 Found CRAB cache file /afs/cern.ch/user/a/anarzary/.crab3
ERROR 2025-10-25 06:17:09.543 UTC: 	 CRAB configuration file crab_Test_Run3_NCF_MC/crab_config.py not found.
ERROR 2025-10-25 06:17:09.543 UTC: 	 Caught ClientException exception
Traceback (most recent call last):
  File "/cvmfs/cms.cern.ch/share/cms/crab-prod/v3.250820.00/bin/crab.py", line 157, in <module>
    client()
  File "/cvmfs/cms.cern.ch/share/cms/crab-prod/v3.250820.00/bin/crab.py", line 135, in __call__
    self.cmd = sub_cmd(self.logger, args[1:])  # the crab command to be executed
  File "/cvmfs/cms.cern.ch/share/cms/crab-prod/v3.250820.00/lib/CRABClient/Commands/submit.py", line 35, in __init__
    SubCommand.__init__(self, logger, cmdargs, disable_interspersed_args=True)
  File "/cvmfs/cms.cern.ch/share/cms/crab-prod/v3.250820.00/lib/CRABClient/Commands/SubCommand.py", line 326, in __init__
    self.loadConfig(self.options.config, self.args)
  File "/cvmfs/cms.cern.ch/share/cms/crab-prod/v3.250820.00/lib/CRABClient/Commands/SubCommand.py", line 52, in loadConfig
    raise ConfigurationException("CRAB configuration file %s not found." % (configname))
CRABClient.ClientExceptions.ConfigurationException: CRAB configuration file crab_Test_Run3_NCF_MC/crab_config.py not found.
INFO 2025-10-25 06:17:09.550 UTC: 	 Log file is /afs/cern.ch/user/a/anarzary/CMSSW_13_2_5_patch1/src/Analyzers/ChFluctuations/crab/crab.log
DEBUG 2025-10-25 06:17:22.375 UTC: 	 CRAB Client version: v3.250820
DEBUG 2025-10-25 06:17:22.376 UTC: 	 Running on: Linux lxplus926.cern.ch 5.14.0-570.44.1.el9_6.x86_64 #1 SMP PREEMPT_DYNAMIC Tue Sep 9 05:17:30 EDT 2025 x86_64 x86_64 x86_64 GNU/Linux
DEBUG 2025-10-25 06:17:22.376 UTC: 	 Not using Singularity
DEBUG 2025-10-25 06:17:22.376 UTC: 	 Operating System: Red Hat Enterprise Linux 9.6 (Plow)
DEBUG 2025-10-25 06:17:22.376 UTC: 	 Executing command: 'submit'
DEBUG 2025-10-25 06:17:22.376 UTC: 	 Found CRAB cache file /afs/cern.ch/user/a/anarzary/.crab3
ERROR 2025-10-25 06:17:22.376 UTC: 	 CRAB configuration file crab_Test_Run3_NCF_MC not found.
ERROR 2025-10-25 06:17:22.376 UTC: 	 Caught ClientException exception
Traceback (most recent call last):
  File "/cvmfs/cms.cern.ch/share/cms/crab-prod/v3.250820.00/bin/crab.py", line 157, in <module>
    client()
  File "/cvmfs/cms.cern.ch/share/cms/crab-prod/v3.250820.00/bin/crab.py", line 135, in __call__
    self.cmd = sub_cmd(self.logger, args[1:])  # the crab command to be executed
  File "/cvmfs/cms.cern.ch/share/cms/crab-prod/v3.250820.00/lib/CRABClient/Commands/submit.py", line 35, in __init__
    SubCommand.__init__(self, logger, cmdargs, disable_interspersed_args=True)
  File "/cvmfs/cms.cern.ch/share/cms/crab-prod/v3.250820.00/lib/CRABClient/Commands/SubCommand.py", line 326, in __init__
    self.loadConfig(self.options.config, self.args)
  File "/cvmfs/cms.cern.ch/share/cms/crab-prod/v3.250820.00/lib/CRABClient/Commands/SubCommand.py", line 52, in loadConfig
    raise ConfigurationException("CRAB configuration file %s not found." % (configname))
CRABClient.ClientExceptions.ConfigurationException: CRAB configuration file crab_Test_Run3_NCF_MC not found.
INFO 2025-10-25 06:17:22.378 UTC: 	 Log file is /afs/cern.ch/user/a/anarzary/CMSSW_13_2_5_patch1/src/Analyzers/ChFluctuations/crab/crab.log
DEBUG 2025-10-25 06:27:14.956 UTC: 	 CRAB Client version: v3.250820
DEBUG 2025-10-25 06:27:14.956 UTC: 	 Running on: Linux lxplus926.cern.ch 5.14.0-570.44.1.el9_6.x86_64 #1 SMP PREEMPT_DYNAMIC Tue Sep 9 05:17:30 EDT 2025 x86_64 x86_64 x86_64 GNU/Linux
DEBUG 2025-10-25 06:27:14.956 UTC: 	 Not using Singularity
DEBUG 2025-10-25 06:27:14.956 UTC: 	 Operating System: Red Hat Enterprise Linux 9.6 (Plow)
DEBUG 2025-10-25 06:27:14.956 UTC: 	 Executing command: 'submit'
DEBUG 2025-10-25 06:27:14.958 UTC: 	 Found CRAB cache file /afs/cern.ch/user/a/anarzary/.crab3
INFO 2025-10-25 06:27:14.958 UTC: 	 Will use CRAB configuration file crab_config_MCRecoDebug.py
DEBUG 2025-10-25 06:27:14.958 UTC: 	 Loading CRAB configuration file.
DEBUG 2025-10-25 06:27:15.040 UTC: 	 Will use CRAB plugin ANALYSIS (i.e. will run an analysis job type).
ERROR 2025-10-25 06:27:15.040 UTC: 	 Working area '/afs/cern.ch/user/a/anarzary/CMSSW_13_2_5_patch1/src/Analyzers/ChFluctuations/crab/Test_Run3_NCF_MC/crab_Test_Run3_NCF_MC' already exists 
Please change the requestName in the config file
ERROR 2025-10-25 06:27:15.040 UTC: 	 Caught ClientException exception
Traceback (most recent call last):
  File "/cvmfs/cms.cern.ch/share/cms/crab-prod/v3.250820.00/bin/crab.py", line 157, in <module>
    client()
  File "/cvmfs/cms.cern.ch/share/cms/crab-prod/v3.250820.00/bin/crab.py", line 135, in __call__
    self.cmd = sub_cmd(self.logger, args[1:])  # the crab command to be executed
  File "/cvmfs/cms.cern.ch/share/cms/crab-prod/v3.250820.00/lib/CRABClient/Commands/submit.py", line 35, in __init__
    SubCommand.__init__(self, logger, cmdargs, disable_interspersed_args=True)
  File "/cvmfs/cms.cern.ch/share/cms/crab-prod/v3.250820.00/lib/CRABClient/Commands/SubCommand.py", line 328, in __init__
    self.requestarea, self.requestname, self.logfile = createWorkArea(
  File "/cvmfs/cms.cern.ch/share/cms/crab-prod/v3.250820.00/lib/CRABClient/ClientUtilities.py", line 392, in createWorkArea
    raise ConfigException("Working area '%s' already exists \nPlease change the requestName in the config file" % fullpath)
CRABClient.ClientExceptions.ConfigException: Working area '/afs/cern.ch/user/a/anarzary/CMSSW_13_2_5_patch1/src/Analyzers/ChFluctuations/crab/Test_Run3_NCF_MC/crab_Test_Run3_NCF_MC' already exists 
Please change the requestName in the config file
INFO 2025-10-25 06:27:15.042 UTC: 	 Log file is /afs/cern.ch/user/a/anarzary/CMSSW_13_2_5_patch1/src/Analyzers/ChFluctuations/crab/crab.log
DEBUG 2025-10-25 06:44:39.229 UTC: 	 CRAB Client version: v3.250820
DEBUG 2025-10-25 06:44:39.229 UTC: 	 Running on: Linux lxplus926.cern.ch 5.14.0-570.44.1.el9_6.x86_64 #1 SMP PREEMPT_DYNAMIC Tue Sep 9 05:17:30 EDT 2025 x86_64 x86_64 x86_64 GNU/Linux
DEBUG 2025-10-25 06:44:39.229 UTC: 	 Not using Singularity
DEBUG 2025-10-25 06:44:39.229 UTC: 	 Operating System: Red Hat Enterprise Linux 9.6 (Plow)
DEBUG 2025-10-25 06:44:39.229 UTC: 	 Executing command: 'checkusername'
DEBUG 2025-10-25 06:44:39.230 UTC: 	 Found CRAB cache file /afs/cern.ch/user/a/anarzary/.crab3
DEBUG 2025-10-25 06:44:39.230 UTC: 	 Checking credentials
DEBUG 2025-10-25 06:44:39.230 UTC: 	 Found proxy file /tmp/x509up_u188858
DEBUG 2025-10-25 06:44:39.230 UTC: 	 Making sure it has proper VOMS extension
DEBUG 2025-10-25 06:44:39.230 UTC: 	 Executing command :
 voms-proxy-info --vo --file /tmp/x509up_u188858
DEBUG 2025-10-25 06:44:39.250 UTC: 	 output : cms

 error: 
 retcode : 0
DEBUG 2025-10-25 06:44:39.250 UTC: 	 Getting proxy life time left
DEBUG 2025-10-25 06:44:39.250 UTC: 	 Executing command :
 voms-proxy-info --actimeleft --timeleft --file /tmp/x509up_u188858
DEBUG 2025-10-25 06:44:39.270 UTC: 	 output : 37613
37613

 error: 
 retcode : 0
DEBUG 2025-10-25 06:44:39.270 UTC: 	 Proxy valid for 10:26:53 hours
DEBUG 2025-10-25 06:44:39.270 UTC: 	 Command use: checkusername
DEBUG 2025-10-25 06:44:39.270 UTC: 	 Options use: []
DEBUG 2025-10-25 06:44:39.270 UTC: 	 Instance is None
DEBUG 2025-10-25 06:44:39.270 UTC: 	 Server base url is None
DEBUG 2025-10-25 06:44:39.270 UTC: 	 Retrieving username ...
DEBUG 2025-10-25 06:44:39.270 UTC: 	 Retrieving username from CRIC...
DEBUG 2025-10-25 06:44:40.069 UTC: 	 username is anarzary
INFO 2025-10-25 06:44:40.069 UTC: 	 Username is: anarzary
DEBUG 2025-10-31 03:07:07.090 UTC: 	 CRAB Client version: v3.251020
DEBUG 2025-10-31 03:07:07.090 UTC: 	 Running on: Linux lxplus911.cern.ch 5.14.0-570.51.1.el9_6.x86_64 #1 SMP PREEMPT_DYNAMIC Sat Sep 27 01:10:11 EDT 2025 x86_64 x86_64 x86_64 GNU/Linux
DEBUG 2025-10-31 03:07:07.090 UTC: 	 Not using Singularity
DEBUG 2025-10-31 03:07:07.090 UTC: 	 Operating System: Red Hat Enterprise Linux 9.6 (Plow)
DEBUG 2025-10-31 03:07:07.090 UTC: 	 Executing command: 'submit'
DEBUG 2025-10-31 03:07:07.091 UTC: 	 Found CRAB cache file /afs/cern.ch/user/a/anarzary/.crab3
INFO 2025-10-31 03:07:07.103 UTC: 	 Will use CRAB configuration file data_crab.py
DEBUG 2025-10-31 03:07:07.103 UTC: 	 Loading CRAB configuration file.
DEBUG 2025-10-31 03:07:07.130 UTC: 	 Will use CRAB plugin ANALYSIS (i.e. will run an analysis job type).
ERROR 2025-10-31 03:07:07.130 UTC: 	 Task requests 4000 MB of memory, above the allowed maximum of 3000 for a 1 core(s) job.

The documentation about the CRAB configuration file can be found in https://twiki.cern.ch/twiki/bin/view/CMSPublic/CRAB3ConfigurationFile
ERROR 2025-10-31 03:07:07.130 UTC: 	 Caught ClientException exception
Traceback (most recent call last):
  File "/cvmfs/cms.cern.ch/share/cms/crab-prod/v3.251020.00/bin/crab.py", line 157, in <module>
    client()
  File "/cvmfs/cms.cern.ch/share/cms/crab-prod/v3.251020.00/bin/crab.py", line 135, in __call__
    self.cmd = sub_cmd(self.logger, args[1:])  # the crab command to be executed
  File "/cvmfs/cms.cern.ch/share/cms/crab-prod/v3.251020.00/lib/CRABClient/Commands/submit.py", line 37, in __init__
    SubCommand.__init__(self, logger, cmdargs, disable_interspersed_args=True)
  File "/cvmfs/cms.cern.ch/share/cms/crab-prod/v3.251020.00/lib/CRABClient/Commands/SubCommand.py", line 326, in __init__
    self.loadConfig(self.options.config, self.args)
  File "/cvmfs/cms.cern.ch/share/cms/crab-prod/v3.251020.00/lib/CRABClient/Commands/SubCommand.py", line 95, in loadConfig
    raise ConfigurationException(configmsg)
CRABClient.ClientExceptions.ConfigurationException: Task requests 4000 MB of memory, above the allowed maximum of 3000 for a 1 core(s) job.

The documentation about the CRAB configuration file can be found in https://twiki.cern.ch/twiki/bin/view/CMSPublic/CRAB3ConfigurationFile
INFO 2025-10-31 03:07:07.167 UTC: 	 Log file is /afs/cern.ch/user/a/anarzary/CMSSW_13_2_5_patch1/src/Analyzers/ChFluctuations/crab/crab.log
DEBUG 2025-10-31 04:05:30.653 UTC: 	 CRAB Client version: v3.251020
DEBUG 2025-10-31 04:05:30.653 UTC: 	 Running on: Linux lxplus911.cern.ch 5.14.0-570.51.1.el9_6.x86_64 #1 SMP PREEMPT_DYNAMIC Sat Sep 27 01:10:11 EDT 2025 x86_64 x86_64 x86_64 GNU/Linux
DEBUG 2025-10-31 04:05:30.653 UTC: 	 Not using Singularity
DEBUG 2025-10-31 04:05:30.653 UTC: 	 Operating System: Red Hat Enterprise Linux 9.6 (Plow)
DEBUG 2025-10-31 04:05:30.653 UTC: 	 Executing command: 'submit'
DEBUG 2025-10-31 04:05:30.653 UTC: 	 Found CRAB cache file /afs/cern.ch/user/a/anarzary/.crab3
INFO 2025-10-31 04:05:30.654 UTC: 	 Will use CRAB configuration file data_crab.py
DEBUG 2025-10-31 04:05:30.654 UTC: 	 Loading CRAB configuration file.
DEBUG 2025-10-31 04:05:30.659 UTC: 	 Will use CRAB plugin ANALYSIS (i.e. will run an analysis job type).
ERROR 2025-10-31 04:05:30.659 UTC: 	 Task requests 4000 MB of memory, above the allowed maximum of 3000 for a 1 core(s) job.

The documentation about the CRAB configuration file can be found in https://twiki.cern.ch/twiki/bin/view/CMSPublic/CRAB3ConfigurationFile
ERROR 2025-10-31 04:05:30.659 UTC: 	 Caught ClientException exception
Traceback (most recent call last):
  File "/cvmfs/cms.cern.ch/share/cms/crab-prod/v3.251020.00/bin/crab.py", line 157, in <module>
    client()
  File "/cvmfs/cms.cern.ch/share/cms/crab-prod/v3.251020.00/bin/crab.py", line 135, in __call__
    self.cmd = sub_cmd(self.logger, args[1:])  # the crab command to be executed
  File "/cvmfs/cms.cern.ch/share/cms/crab-prod/v3.251020.00/lib/CRABClient/Commands/submit.py", line 37, in __init__
    SubCommand.__init__(self, logger, cmdargs, disable_interspersed_args=True)
  File "/cvmfs/cms.cern.ch/share/cms/crab-prod/v3.251020.00/lib/CRABClient/Commands/SubCommand.py", line 326, in __init__
    self.loadConfig(self.options.config, self.args)
  File "/cvmfs/cms.cern.ch/share/cms/crab-prod/v3.251020.00/lib/CRABClient/Commands/SubCommand.py", line 95, in loadConfig
    raise ConfigurationException(configmsg)
CRABClient.ClientExceptions.ConfigurationException: Task requests 4000 MB of memory, above the allowed maximum of 3000 for a 1 core(s) job.

The documentation about the CRAB configuration file can be found in https://twiki.cern.ch/twiki/bin/view/CMSPublic/CRAB3ConfigurationFile
INFO 2025-10-31 04:05:30.663 UTC: 	 Log file is /afs/cern.ch/user/a/anarzary/CMSSW_13_2_5_patch1/src/Analyzers/ChFluctuations/crab/crab.log
DEBUG 2025-10-31 04:09:09.506 UTC: 	 CRAB Client version: v3.251020
DEBUG 2025-10-31 04:09:09.506 UTC: 	 Running on: Linux lxplus911.cern.ch 5.14.0-570.51.1.el9_6.x86_64 #1 SMP PREEMPT_DYNAMIC Sat Sep 27 01:10:11 EDT 2025 x86_64 x86_64 x86_64 GNU/Linux
DEBUG 2025-10-31 04:09:09.506 UTC: 	 Not using Singularity
DEBUG 2025-10-31 04:09:09.506 UTC: 	 Operating System: Red Hat Enterprise Linux 9.6 (Plow)
DEBUG 2025-10-31 04:09:09.506 UTC: 	 Executing command: 'submit'
DEBUG 2025-10-31 04:09:09.507 UTC: 	 Found CRAB cache file /afs/cern.ch/user/a/anarzary/.crab3
INFO 2025-10-31 04:09:09.507 UTC: 	 Will use CRAB configuration file data_crab.py
DEBUG 2025-10-31 04:09:09.507 UTC: 	 Loading CRAB configuration file.
DEBUG 2025-10-31 04:09:09.510 UTC: 	 Will use CRAB plugin ANALYSIS (i.e. will run an analysis job type).
ERROR 2025-10-31 04:09:09.510 UTC: 	 Working area '/afs/cern.ch/user/a/anarzary/CMSSW_13_2_5_patch1/src/Analyzers/ChFluctuations/crab/Test_Run3_NCF_data/crab_Test_Run3_NCF_data' already exists 
Please change the requestName in the config file
ERROR 2025-10-31 04:09:09.511 UTC: 	 Caught ClientException exception
Traceback (most recent call last):
  File "/cvmfs/cms.cern.ch/share/cms/crab-prod/v3.251020.00/bin/crab.py", line 157, in <module>
    client()
  File "/cvmfs/cms.cern.ch/share/cms/crab-prod/v3.251020.00/bin/crab.py", line 135, in __call__
    self.cmd = sub_cmd(self.logger, args[1:])  # the crab command to be executed
  File "/cvmfs/cms.cern.ch/share/cms/crab-prod/v3.251020.00/lib/CRABClient/Commands/submit.py", line 37, in __init__
    SubCommand.__init__(self, logger, cmdargs, disable_interspersed_args=True)
  File "/cvmfs/cms.cern.ch/share/cms/crab-prod/v3.251020.00/lib/CRABClient/Commands/SubCommand.py", line 328, in __init__
    self.requestarea, self.requestname, self.logfile = createWorkArea(
  File "/cvmfs/cms.cern.ch/share/cms/crab-prod/v3.251020.00/lib/CRABClient/ClientUtilities.py", line 392, in createWorkArea
    raise ConfigException("Working area '%s' already exists \nPlease change the requestName in the config file" % fullpath)
CRABClient.ClientExceptions.ConfigException: Working area '/afs/cern.ch/user/a/anarzary/CMSSW_13_2_5_patch1/src/Analyzers/ChFluctuations/crab/Test_Run3_NCF_data/crab_Test_Run3_NCF_data' already exists 
Please change the requestName in the config file
INFO 2025-10-31 04:09:09.512 UTC: 	 Log file is /afs/cern.ch/user/a/anarzary/CMSSW_13_2_5_patch1/src/Analyzers/ChFluctuations/crab/crab.log
DEBUG 2025-10-31 04:23:41.568 UTC: 	 CRAB Client version: v3.251020
DEBUG 2025-10-31 04:23:41.569 UTC: 	 Running on: Linux lxplus952.cern.ch 5.14.0-570.49.1.el9_6.x86_64 #1 SMP PREEMPT_DYNAMIC Tue Sep 23 01:11:18 EDT 2025 x86_64 x86_64 x86_64 GNU/Linux
DEBUG 2025-10-31 04:23:41.569 UTC: 	 Not using Singularity
DEBUG 2025-10-31 04:23:41.569 UTC: 	 Operating System: Red Hat Enterprise Linux 9.6 (Plow)
DEBUG 2025-10-31 04:23:41.569 UTC: 	 Executing command: 'submit'
DEBUG 2025-10-31 04:23:41.571 UTC: 	 Found CRAB cache file /afs/cern.ch/user/a/anarzary/.crab3
INFO 2025-10-31 04:23:41.574 UTC: 	 Will use CRAB configuration file data_crab.py
DEBUG 2025-10-31 04:23:41.574 UTC: 	 Loading CRAB configuration file.
DEBUG 2025-10-31 04:23:41.582 UTC: 	 Will use CRAB plugin ANALYSIS (i.e. will run an analysis job type).
ERROR 2025-10-31 04:23:41.587 UTC: 	 Working area '/afs/cern.ch/user/a/anarzary/CMSSW_13_2_5_patch1/src/Analyzers/ChFluctuations/crab/Test_Run3_NCF_data/crab_Test_Run3_NCF_data' already exists 
Please change the requestName in the config file
ERROR 2025-10-31 04:23:41.588 UTC: 	 Caught ClientException exception
Traceback (most recent call last):
  File "/cvmfs/cms.cern.ch/share/cms/crab-prod/v3.251020.00/bin/crab.py", line 157, in <module>
    client()
  File "/cvmfs/cms.cern.ch/share/cms/crab-prod/v3.251020.00/bin/crab.py", line 135, in __call__
    self.cmd = sub_cmd(self.logger, args[1:])  # the crab command to be executed
  File "/cvmfs/cms.cern.ch/share/cms/crab-prod/v3.251020.00/lib/CRABClient/Commands/submit.py", line 37, in __init__
    SubCommand.__init__(self, logger, cmdargs, disable_interspersed_args=True)
  File "/cvmfs/cms.cern.ch/share/cms/crab-prod/v3.251020.00/lib/CRABClient/Commands/SubCommand.py", line 328, in __init__
    self.requestarea, self.requestname, self.logfile = createWorkArea(
  File "/cvmfs/cms.cern.ch/share/cms/crab-prod/v3.251020.00/lib/CRABClient/ClientUtilities.py", line 392, in createWorkArea
    raise ConfigException("Working area '%s' already exists \nPlease change the requestName in the config file" % fullpath)
CRABClient.ClientExceptions.ConfigException: Working area '/afs/cern.ch/user/a/anarzary/CMSSW_13_2_5_patch1/src/Analyzers/ChFluctuations/crab/Test_Run3_NCF_data/crab_Test_Run3_NCF_data' already exists 
Please change the requestName in the config file
INFO 2025-10-31 04:23:41.594 UTC: 	 Log file is /afs/cern.ch/user/a/anarzary/CMSSW_13_2_5_patch1/src/Analyzers/ChFluctuations/crab/crab.log
DEBUG 2025-10-31 04:25:27.970 UTC: 	 CRAB Client version: v3.251020
DEBUG 2025-10-31 04:25:27.970 UTC: 	 Running on: Linux lxplus952.cern.ch 5.14.0-570.49.1.el9_6.x86_64 #1 SMP PREEMPT_DYNAMIC Tue Sep 23 01:11:18 EDT 2025 x86_64 x86_64 x86_64 GNU/Linux
DEBUG 2025-10-31 04:25:27.970 UTC: 	 Not using Singularity
DEBUG 2025-10-31 04:25:27.970 UTC: 	 Operating System: Red Hat Enterprise Linux 9.6 (Plow)
DEBUG 2025-10-31 04:25:27.970 UTC: 	 Executing command: 'status'
DEBUG 2025-10-31 04:25:27.970 UTC: 	 Found CRAB cache file /afs/cern.ch/user/a/anarzary/.crab3
ERROR 2025-10-31 04:25:27.971 UTC: 	 Cannot find .requestcache file in CRAB project directory /afs/cern.ch/user/a/anarzary/CMSSW_13_2_5_patch1/src/Analyzers/ChFluctuations/crab/Test_Run3_NCF_MC
ERROR 2025-10-31 04:25:27.972 UTC: 	 Caught ClientException exception
Traceback (most recent call last):
  File "/cvmfs/cms.cern.ch/share/cms/crab-prod/v3.251020.00/bin/crab.py", line 157, in <module>
    client()
  File "/cvmfs/cms.cern.ch/share/cms/crab-prod/v3.251020.00/bin/crab.py", line 135, in __call__
    self.cmd = sub_cmd(self.logger, args[1:])  # the crab command to be executed
  File "/cvmfs/cms.cern.ch/share/cms/crab-prod/v3.251020.00/lib/CRABClient/Commands/status.py", line 50, in __init__
    SubCommand.__init__(self, logger, cmdargs)
  File "/cvmfs/cms.cern.ch/share/cms/crab-prod/v3.251020.00/lib/CRABClient/Commands/SubCommand.py", line 281, in __init__
    SubCommand.validateOptions(self)
  File "/cvmfs/cms.cern.ch/share/cms/crab-prod/v3.251020.00/lib/CRABClient/Commands/SubCommand.py", line 695, in validateOptions
    self.loadLocalCache()
  File "/cvmfs/cms.cern.ch/share/cms/crab-prod/v3.251020.00/lib/CRABClient/Commands/SubCommand.py", line 537, in loadLocalCache
    raise ex
  File "/cvmfs/cms.cern.ch/share/cms/crab-prod/v3.251020.00/lib/CRABClient/Commands/SubCommand.py", line 531, in loadLocalCache
    self.cachedinfo, self.logfile = loadCache(self.requestarea, self.logger)
  File "/cvmfs/cms.cern.ch/share/cms/crab-prod/v3.251020.00/lib/CRABClient/ClientUtilities.py", line 445, in loadCache
    raise CachefileNotFoundException(msg)
CRABClient.ClientExceptions.CachefileNotFoundException: Cannot find .requestcache file in CRAB project directory /afs/cern.ch/user/a/anarzary/CMSSW_13_2_5_patch1/src/Analyzers/ChFluctuations/crab/Test_Run3_NCF_MC
INFO 2025-10-31 04:25:27.974 UTC: 	 Log file is /afs/cern.ch/user/a/anarzary/CMSSW_13_2_5_patch1/src/Analyzers/ChFluctuations/crab/crab.log
DEBUG 2025-10-31 05:16:26.846 UTC: 	 CRAB Client version: v3.251020
DEBUG 2025-10-31 05:16:26.846 UTC: 	 Running on: Linux lxplus952.cern.ch 5.14.0-570.49.1.el9_6.x86_64 #1 SMP PREEMPT_DYNAMIC Tue Sep 23 01:11:18 EDT 2025 x86_64 x86_64 x86_64 GNU/Linux
DEBUG 2025-10-31 05:16:26.846 UTC: 	 Not using Singularity
DEBUG 2025-10-31 05:16:26.846 UTC: 	 Operating System: Red Hat Enterprise Linux 9.6 (Plow)
DEBUG 2025-10-31 05:16:26.846 UTC: 	 Executing command: 'status'
DEBUG 2025-10-31 05:16:26.847 UTC: 	 Found CRAB cache file /afs/cern.ch/user/a/anarzary/.crab3
ERROR 2025-10-31 05:16:26.847 UTC: 	 Error: Test_Run3_NCF_data/crab_Test_Run3_NCF_data is not a valid CRAB project directory.
ERROR 2025-10-31 05:16:26.847 UTC: 	 Caught ClientException exception
Traceback (most recent call last):
  File "/cvmfs/cms.cern.ch/share/cms/crab-prod/v3.251020.00/bin/crab.py", line 157, in <module>
    client()
  File "/cvmfs/cms.cern.ch/share/cms/crab-prod/v3.251020.00/bin/crab.py", line 135, in __call__
    self.cmd = sub_cmd(self.logger, args[1:])  # the crab command to be executed
  File "/cvmfs/cms.cern.ch/share/cms/crab-prod/v3.251020.00/lib/CRABClient/Commands/status.py", line 50, in __init__
    SubCommand.__init__(self, logger, cmdargs)
  File "/cvmfs/cms.cern.ch/share/cms/crab-prod/v3.251020.00/lib/CRABClient/Commands/SubCommand.py", line 281, in __init__
    SubCommand.validateOptions(self)
  File "/cvmfs/cms.cern.ch/share/cms/crab-prod/v3.251020.00/lib/CRABClient/Commands/SubCommand.py", line 691, in validateOptions
    raise ConfigurationException(msg)
CRABClient.ClientExceptions.ConfigurationException: [91mError[0m: Test_Run3_NCF_data/crab_Test_Run3_NCF_data is not a valid CRAB project directory.
INFO 2025-10-31 05:16:26.855 UTC: 	 Log file is /afs/cern.ch/user/a/anarzary/CMSSW_13_2_5_patch1/src/Analyzers/ChFluctuations/crab/crab.log
DEBUG 2025-10-31 10:33:04.091 UTC: 	 CRAB Client version: v3.251020
DEBUG 2025-10-31 10:33:04.091 UTC: 	 Running on: Linux lxplus950.cern.ch 5.14.0-570.49.1.el9_6.x86_64 #1 SMP PREEMPT_DYNAMIC Tue Sep 23 01:11:18 EDT 2025 x86_64 x86_64 x86_64 GNU/Linux
DEBUG 2025-10-31 10:33:04.091 UTC: 	 Not using Singularity
DEBUG 2025-10-31 10:33:04.091 UTC: 	 Operating System: Red Hat Enterprise Linux 9.6 (Plow)
DEBUG 2025-10-31 10:33:04.091 UTC: 	 Executing command: 'submit'
DEBUG 2025-10-31 10:33:04.092 UTC: 	 Found CRAB cache file /afs/cern.ch/user/a/anarzary/.crab3
INFO 2025-10-31 10:33:04.187 UTC: 	 Will use CRAB configuration file data_crab.py
DEBUG 2025-10-31 10:33:04.188 UTC: 	 Loading CRAB configuration file.
DEBUG 2025-10-31 10:33:04.257 UTC: 	 Will use CRAB plugin ANALYSIS (i.e. will run an analysis job type).
ERROR 2025-10-31 10:33:04.257 UTC: 	 Working area '/afs/cern.ch/user/a/anarzary/CMSSW_13_2_5_patch1/src/Analyzers/ChFluctuations/crab/Test_Run3_NCF_data/crab_Test_Run3_NCF_data' already exists 
Please change the requestName in the config file
ERROR 2025-10-31 10:33:04.257 UTC: 	 Caught ClientException exception
Traceback (most recent call last):
  File "/cvmfs/cms.cern.ch/share/cms/crab-prod/v3.251020.00/bin/crab.py", line 157, in <module>
    client()
  File "/cvmfs/cms.cern.ch/share/cms/crab-prod/v3.251020.00/bin/crab.py", line 135, in __call__
    self.cmd = sub_cmd(self.logger, args[1:])  # the crab command to be executed
  File "/cvmfs/cms.cern.ch/share/cms/crab-prod/v3.251020.00/lib/CRABClient/Commands/submit.py", line 37, in __init__
    SubCommand.__init__(self, logger, cmdargs, disable_interspersed_args=True)
  File "/cvmfs/cms.cern.ch/share/cms/crab-prod/v3.251020.00/lib/CRABClient/Commands/SubCommand.py", line 328, in __init__
    self.requestarea, self.requestname, self.logfile = createWorkArea(
  File "/cvmfs/cms.cern.ch/share/cms/crab-prod/v3.251020.00/lib/CRABClient/ClientUtilities.py", line 392, in createWorkArea
    raise ConfigException("Working area '%s' already exists \nPlease change the requestName in the config file" % fullpath)
CRABClient.ClientExceptions.ConfigException: Working area '/afs/cern.ch/user/a/anarzary/CMSSW_13_2_5_patch1/src/Analyzers/ChFluctuations/crab/Test_Run3_NCF_data/crab_Test_Run3_NCF_data' already exists 
Please change the requestName in the config file
INFO 2025-10-31 10:33:04.279 UTC: 	 Log file is /afs/cern.ch/user/a/anarzary/CMSSW_13_2_5_patch1/src/Analyzers/ChFluctuations/crab/crab.log
